<?xml version="1.0" encoding="UTF-8"?>
<testsuite name="Run On CHROME"
           tests="9"
           failures="0"
           errors="0"
           skipped="0"
           time="107.287">
  <properties />
  
  
            <testcase name="TC_06_Back_To_Previous_Page" time="16.022" classname="lhe.admin.AddDistributorManagement" />
                <testcase name="TC_08_Create_Account_Invalid_Data" time="16.144" classname="lhe.admin.AddDistributorManagement" />
                <testcase name="TC_07_Create_Account_Empty_Data" time="17.666" classname="lhe.admin.AddDistributorManagement" />
                <testcase name="TC_03_Invalid_Data" time="1.245" classname="lhe.admin.AddDistributorManagement" />
                <testcase name="TC_02_Go_To_Add_Distributor_Management" time="1.526" classname="lhe.admin.AddDistributorManagement" />
                <testcase name="TC_01_Cancel" time="1.778" classname="lhe.admin.AddDistributorManagement" />
                <testcase name="TC_04_Empty_Data" time="2.821" classname="lhe.admin.AddDistributorManagement" />
                <testcase name="TC_05_Add_Distributor_Management_Success" time="19.155" classname="lhe.admin.AddDistributorManagement" />
                <testcase name="TC_09_Create_Account_Success" time="30.930" classname="lhe.admin.AddDistributorManagement" />
      
</testsuite>
